This file contains any messages produced by compilers while
running configure, to aid debugging if configure makes a mistake.

It was created by pkg-config configure 0.28, which was
generated by GNU Autoconf 2.69.  Invocation command line was

  $ ./configure --disable-dependency-tracking --prefix=/usr/local

## --------- ##
## Platform. ##
## --------- ##

hostname = mugi-MacPro-2.local
uname -m = x86_64
uname -r = 14.1.0
uname -s = Darwin
uname -v = Darwin Kernel Version 14.1.0: Mon Dec 22 23:10:38 PST 2014; root:xnu-2782.10.72~2/RELEASE_X86_64

/usr/bin/uname -p = i386
/bin/uname -X     = unknown

/bin/arch              = unknown
/usr/bin/arch -k       = unknown
/usr/convex/getsysinfo = unknown
/usr/bin/hostinfo      = Mach kernel version:
	 Darwin Kernel Version 14.1.0: Mon Dec 22 23:10:38 PST 2014; root:xnu-2782.10.72~2/RELEASE_X86_64
Kernel configured for up to 16 processors.
8 processors are physically available.
16 processors are logically available.
Processor type: i486 (Intel 80486)
Processors active: 0 1 2 3 4 5 6 7 8 9 10 11 12 13 14 15
Primary memory available: 64.00 gigabytes
Default processor set: 310 tasks, 1664 threads, 16 processors
Load average: 2.92, Mach factor: 13.07
/bin/machine           = unknown
/usr/bin/oslevel       = unknown
/bin/universe          = unknown

PATH: /usr/local/bin
PATH: /usr/bin
PATH: /bin
PATH: /usr/sbin
PATH: /sbin
PATH: /opt/X11/bin


## ----------- ##
## Core tests. ##
## ----------- ##

configure:2311: checking for a BSD-compatible install
configure:2379: result: /usr/bin/install -c
configure:2390: checking whether build environment is sane
configure:2445: result: yes
configure:2596: checking for a thread-safe mkdir -p
configure:2635: result: ./install-sh -c -d
configure:2642: checking for gawk
configure:2672: result: no
configure:2642: checking for mawk
configure:2672: result: no
configure:2642: checking for nawk
configure:2672: result: no
configure:2642: checking for awk
configure:2658: found /usr/bin/awk
configure:2669: result: awk
configure:2680: checking whether make sets $(MAKE)
configure:2702: result: yes
configure:2818: checking build system type
configure:2832: result: x86_64-apple-darwin14.1.0
configure:2852: checking host system type
configure:2865: result: x86_64-apple-darwin14.1.0
configure:2906: checking how to print strings
configure:2933: result: printf
configure:2966: checking for style of include used by make
configure:2994: result: GNU
configure:3065: checking for gcc
configure:3081: found /usr/bin/gcc
configure:3092: result: gcc
configure:3321: checking for C compiler version
configure:3330: gcc --version >&5
Apple LLVM version 6.1.0 (clang-602.0.49) (based on LLVM 3.6.0svn)
Target: x86_64-apple-darwin14.1.0
Thread model: posix
Configured with: --prefix=/Applications/Xcode.app/Contents/Developer/usr --with-gxx-include-dir=/Applications/Xcode.app/Contents/Developer/Platforms/MacOSX.platform/Developer/SDKs/MacOSX10.10.sdk/usr/include/c++/4.2.1
configure:3341: $? = 0
configure:3330: gcc -v >&5
Configured with: --prefix=/Applications/Xcode.app/Contents/Developer/usr --with-gxx-include-dir=/Applications/Xcode.app/Contents/Developer/Platforms/MacOSX.platform/Developer/SDKs/MacOSX10.10.sdk/usr/include/c++/4.2.1
Apple LLVM version 6.1.0 (clang-602.0.49) (based on LLVM 3.6.0svn)
Target: x86_64-apple-darwin14.1.0
Thread model: posix
configure:3341: $? = 0
configure:3330: gcc -V >&5
clang: error: argument to '-V' is missing (expected 1 value)
clang: error: no input files
configure:3341: $? = 1
configure:3330: gcc -qversion >&5
clang: error: unknown argument: '-qversion'
clang: error: no input files
configure:3341: $? = 1
configure:3361: checking whether the C compiler works
configure:3383: gcc    conftest.c  >&5
configure:3387: $? = 0
configure:3435: result: yes
configure:3438: checking for C compiler default output file name
configure:3440: result: a.out
configure:3446: checking for suffix of executables
configure:3453: gcc -o conftest    conftest.c  >&5
configure:3457: $? = 0
configure:3479: result: 
configure:3501: checking whether we are cross compiling
configure:3509: gcc -o conftest    conftest.c  >&5
configure:3513: $? = 0
configure:3520: ./conftest
configure:3524: $? = 0
configure:3539: result: no
configure:3544: checking for suffix of object files
configure:3566: gcc -c   conftest.c >&5
configure:3570: $? = 0
configure:3591: result: o
configure:3595: checking whether we are using the GNU C compiler
configure:3614: gcc -c   conftest.c >&5
configure:3614: $? = 0
configure:3623: result: yes
configure:3632: checking whether gcc accepts -g
configure:3652: gcc -c -g  conftest.c >&5
configure:3652: $? = 0
configure:3693: result: yes
configure:3710: checking for gcc option to accept ISO C89
configure:3773: gcc  -c -g -O2  conftest.c >&5
configure:3773: $? = 0
configure:3786: result: none needed
configure:3808: checking dependency style of gcc
configure:3919: result: none
configure:3934: checking for a sed that does not truncate output
configure:3998: result: /usr/bin/sed
configure:4016: checking for grep that handles long lines and -e
configure:4074: result: /usr/bin/grep
configure:4079: checking for egrep
configure:4141: result: /usr/bin/grep -E
configure:4146: checking for fgrep
configure:4208: result: /usr/bin/grep -F
configure:4243: checking for ld used by gcc
configure:4310: result: /Applications/Xcode.app/Contents/Developer/Toolchains/XcodeDefault.xctoolchain/usr/bin/ld
configure:4317: checking if the linker (/Applications/Xcode.app/Contents/Developer/Toolchains/XcodeDefault.xctoolchain/usr/bin/ld) is GNU ld
configure:4332: result: no
configure:4344: checking for BSD- or MS-compatible name lister (nm)
configure:4393: result: /usr/bin/nm
configure:4523: checking the name lister (/usr/bin/nm) interface
configure:4530: gcc -c -g -O2  conftest.c >&5
configure:4533: /usr/bin/nm "conftest.o"
configure:4536: output
0000000000000204 S _some_variable
configure:4543: result: BSD nm
configure:4546: checking whether ln -s works
configure:4550: result: yes
configure:4558: checking the maximum length of command line arguments
configure:4688: result: 196608
configure:4705: checking whether the shell understands some XSI constructs
configure:4715: result: yes
configure:4719: checking whether the shell understands "+="
configure:4725: result: yes
configure:4760: checking how to convert x86_64-apple-darwin14.1.0 file names to x86_64-apple-darwin14.1.0 format
configure:4800: result: func_convert_file_noop
configure:4807: checking how to convert x86_64-apple-darwin14.1.0 file names to toolchain format
configure:4827: result: func_convert_file_noop
configure:4834: checking for /Applications/Xcode.app/Contents/Developer/Toolchains/XcodeDefault.xctoolchain/usr/bin/ld option to reload object files
configure:4841: result: -r
configure:4915: checking for objdump
configure:4945: result: no
configure:4974: checking how to recognize dependent libraries
configure:5176: result: pass_all
configure:5261: checking for dlltool
configure:5291: result: no
configure:5321: checking how to associate runtime and link libraries
configure:5348: result: printf %s\n
configure:5409: checking for ar
configure:5425: found /usr/bin/ar
configure:5436: result: ar
configure:5473: checking for archiver @FILE support
configure:5490: gcc -c -g -O2  conftest.c >&5
configure:5490: $? = 0
configure:5493: ar cru libconftest.a @conftest.lst >&5
ar: @conftest.lst: No such file or directory
configure:5496: $? = 1
configure:5516: result: no
configure:5574: checking for strip
configure:5590: found /usr/bin/strip
configure:5601: result: strip
configure:5673: checking for ranlib
configure:5689: found /usr/bin/ranlib
configure:5700: result: ranlib
configure:5802: checking command to parse /usr/bin/nm output from gcc object
configure:5922: gcc -c -g -O2  conftest.c >&5
configure:5925: $? = 0
configure:5929: /usr/bin/nm conftest.o \| sed -n -e 's/^.*[ ]\([BCDEGRST][BCDEGRST]*\)[ ][ ]*\([_A-Za-z][_A-Za-z0-9]*\)$/\1 \2 \2/p' | sed '/ __gnu_lto/d' \> conftest.nm
configure:5932: $? = 0
cannot find nm_test_var in conftest.nm
configure:5922: gcc -c -g -O2  conftest.c >&5
configure:5925: $? = 0
configure:5929: /usr/bin/nm conftest.o \| sed -n -e 's/^.*[ ]\([BCDEGRST][BCDEGRST]*\)[ ][ ]*_\([_A-Za-z][_A-Za-z0-9]*\)$/\1 _\2 \2/p' | sed '/ __gnu_lto/d' \> conftest.nm
configure:5932: $? = 0
configure:5998: gcc -o conftest -g -O2   conftest.c conftstm.o >&5
configure:6001: $? = 0
configure:6039: result: ok
configure:6076: checking for sysroot
configure:6106: result: no
configure:6362: checking for mt
configure:6392: result: no
configure:6412: checking if : is a manifest tool
configure:6418: : '-?'
configure:6426: result: no
configure:6482: checking for dsymutil
configure:6498: found /usr/bin/dsymutil
configure:6509: result: dsymutil
configure:6574: checking for nmedit
configure:6590: found /usr/bin/nmedit
configure:6601: result: nmedit
configure:6666: checking for lipo
configure:6682: found /usr/bin/lipo
configure:6693: result: lipo
configure:6758: checking for otool
configure:6774: found /usr/bin/otool
configure:6785: result: otool
configure:6850: checking for otool64
configure:6880: result: no
configure:6925: checking for -single_module linker flag
gcc -g -O2  -o libconftest.dylib -dynamiclib -Wl,-single_module conftest.c
configure:6958: result: yes
configure:6961: checking for -exported_symbols_list linker flag
configure:6981: gcc -o conftest -g -O2   -Wl,-exported_symbols_list,conftest.sym conftest.c  >&5
configure:6981: $? = 0
configure:6991: result: yes
configure:6994: checking for -force_load linker flag
gcc -g -O2 -c -o conftest.o conftest.c
ar cru libconftest.a conftest.o
ranlib libconftest.a
gcc -g -O2  -o conftest conftest.c -Wl,-force_load,./libconftest.a
configure:7026: result: yes
configure:7068: checking how to run the C preprocessor
configure:7099: gcc -E  conftest.c
configure:7099: $? = 0
configure:7113: gcc -E  conftest.c
conftest.c:11:10: fatal error: 'ac_nonexistent.h' file not found
#include <ac_nonexistent.h>
         ^
1 error generated.
configure:7113: $? = 1
configure: failed program was:
| /* confdefs.h */
| #define PACKAGE_NAME "pkg-config"
| #define PACKAGE_TARNAME "pkg-config"
| #define PACKAGE_VERSION "0.28"
| #define PACKAGE_STRING "pkg-config 0.28"
| #define PACKAGE_BUGREPORT "https://bugs.freedesktop.org/enter_bug.cgi?product=pkg-config"
| #define PACKAGE_URL ""
| #define PACKAGE "pkg-config"
| #define VERSION "0.28"
| /* end confdefs.h.  */
| #include <ac_nonexistent.h>
configure:7138: result: gcc -E
configure:7158: gcc -E  conftest.c
configure:7158: $? = 0
configure:7172: gcc -E  conftest.c
conftest.c:11:10: fatal error: 'ac_nonexistent.h' file not found
#include <ac_nonexistent.h>
         ^
1 error generated.
configure:7172: $? = 1
configure: failed program was:
| /* confdefs.h */
| #define PACKAGE_NAME "pkg-config"
| #define PACKAGE_TARNAME "pkg-config"
| #define PACKAGE_VERSION "0.28"
| #define PACKAGE_STRING "pkg-config 0.28"
| #define PACKAGE_BUGREPORT "https://bugs.freedesktop.org/enter_bug.cgi?product=pkg-config"
| #define PACKAGE_URL ""
| #define PACKAGE "pkg-config"
| #define VERSION "0.28"
| /* end confdefs.h.  */
| #include <ac_nonexistent.h>
configure:7201: checking for ANSI C header files
configure:7221: gcc -c -g -O2  conftest.c >&5
configure:7221: $? = 0
configure:7294: gcc -o conftest -g -O2   conftest.c  >&5
configure:7294: $? = 0
configure:7294: ./conftest
configure:7294: $? = 0
configure:7305: result: yes
configure:7318: checking for sys/types.h
configure:7318: gcc -c -g -O2  conftest.c >&5
configure:7318: $? = 0
configure:7318: result: yes
configure:7318: checking for sys/stat.h
configure:7318: gcc -c -g -O2  conftest.c >&5
configure:7318: $? = 0
configure:7318: result: yes
configure:7318: checking for stdlib.h
configure:7318: gcc -c -g -O2  conftest.c >&5
configure:7318: $? = 0
configure:7318: result: yes
configure:7318: checking for string.h
configure:7318: gcc -c -g -O2  conftest.c >&5
configure:7318: $? = 0
configure:7318: result: yes
configure:7318: checking for memory.h
configure:7318: gcc -c -g -O2  conftest.c >&5
configure:7318: $? = 0
configure:7318: result: yes
configure:7318: checking for strings.h
configure:7318: gcc -c -g -O2  conftest.c >&5
configure:7318: $? = 0
configure:7318: result: yes
configure:7318: checking for inttypes.h
configure:7318: gcc -c -g -O2  conftest.c >&5
configure:7318: $? = 0
configure:7318: result: yes
configure:7318: checking for stdint.h
configure:7318: gcc -c -g -O2  conftest.c >&5
configure:7318: $? = 0
configure:7318: result: yes
configure:7318: checking for unistd.h
configure:7318: gcc -c -g -O2  conftest.c >&5
configure:7318: $? = 0
configure:7318: result: yes
configure:7332: checking for dlfcn.h
configure:7332: gcc -c -g -O2  conftest.c >&5
configure:7332: $? = 0
configure:7332: result: yes
configure:7538: checking for objdir
configure:7553: result: .libs
configure:7820: checking if gcc supports -fno-rtti -fno-exceptions
configure:7838: gcc -c -g -O2  -fno-rtti -fno-exceptions conftest.c >&5
configure:7842: $? = 0
configure:7855: result: yes
configure:8182: checking for gcc option to produce PIC
configure:8189: result: -fno-common -DPIC
configure:8197: checking if gcc PIC flag -fno-common -DPIC works
configure:8215: gcc -c -g -O2  -fno-common -DPIC -DPIC conftest.c >&5
configure:8219: $? = 0
configure:8232: result: yes
configure:8261: checking if gcc static flag -static works
configure:8289: result: no
configure:8304: checking if gcc supports -c -o file.o
configure:8325: gcc -c -g -O2  -o out/conftest2.o conftest.c >&5
configure:8329: $? = 0
configure:8351: result: yes
configure:8359: checking if gcc supports -c -o file.o
configure:8406: result: yes
configure:8439: checking whether the gcc linker (/Applications/Xcode.app/Contents/Developer/Toolchains/XcodeDefault.xctoolchain/usr/bin/ld) supports shared libraries
configure:9592: result: yes
configure:9832: checking dynamic linker characteristics
configure:10569: result: darwin14.1.0 dyld
configure:10676: checking how to hardcode library paths into programs
configure:10701: result: immediate
configure:11241: checking whether stripping libraries is possible
configure:11255: result: yes
configure:11281: checking if libtool supports shared libraries
configure:11283: result: yes
configure:11286: checking whether to build shared libraries
configure:11307: result: yes
configure:11310: checking whether to build static libraries
configure:11314: result: yes
configure:11363: checking whether make supports nested variables
configure:11380: result: yes
configure:11440: checking for gcc
configure:11467: result: gcc
configure:11696: checking for C compiler version
configure:11705: gcc --version >&5
Apple LLVM version 6.1.0 (clang-602.0.49) (based on LLVM 3.6.0svn)
Target: x86_64-apple-darwin14.1.0
Thread model: posix
Configured with: --prefix=/Applications/Xcode.app/Contents/Developer/usr --with-gxx-include-dir=/Applications/Xcode.app/Contents/Developer/Platforms/MacOSX.platform/Developer/SDKs/MacOSX10.10.sdk/usr/include/c++/4.2.1
configure:11716: $? = 0
configure:11705: gcc -v >&5
Configured with: --prefix=/Applications/Xcode.app/Contents/Developer/usr --with-gxx-include-dir=/Applications/Xcode.app/Contents/Developer/Platforms/MacOSX.platform/Developer/SDKs/MacOSX10.10.sdk/usr/include/c++/4.2.1
Apple LLVM version 6.1.0 (clang-602.0.49) (based on LLVM 3.6.0svn)
Target: x86_64-apple-darwin14.1.0
Thread model: posix
configure:11716: $? = 0
configure:11705: gcc -V >&5
clang: error: argument to '-V' is missing (expected 1 value)
clang: error: no input files
configure:11716: $? = 1
configure:11705: gcc -qversion >&5
clang: error: unknown argument: '-qversion'
clang: error: no input files
configure:11716: $? = 1
configure:11720: checking whether we are using the GNU C compiler
configure:11748: result: yes
configure:11757: checking whether gcc accepts -g
configure:11818: result: yes
configure:11835: checking for gcc option to accept ISO C89
configure:11911: result: none needed
configure:11933: checking dependency style of gcc
configure:12044: result: none
configure:12061: checking for ln
configure:12077: found /bin/ln
configure:12089: result: ln
configure:12101: checking dirent.h usability
configure:12101: gcc -c -g -O2  conftest.c >&5
configure:12101: $? = 0
configure:12101: result: yes
configure:12101: checking dirent.h presence
configure:12101: gcc -E  conftest.c
configure:12101: $? = 0
configure:12101: result: yes
configure:12101: checking for dirent.h
configure:12101: result: yes
configure:12101: checking for unistd.h
configure:12101: result: yes
configure:12101: checking sys/wait.h usability
configure:12101: gcc -c -g -O2  conftest.c >&5
configure:12101: $? = 0
configure:12101: result: yes
configure:12101: checking sys/wait.h presence
configure:12101: gcc -E  conftest.c
configure:12101: $? = 0
configure:12101: result: yes
configure:12101: checking for sys/wait.h
configure:12101: result: yes
configure:12101: checking malloc.h usability
configure:12101: gcc -c -g -O2  conftest.c >&5
conftest.c:59:10: fatal error: 'malloc.h' file not found
#include <malloc.h>
         ^
1 error generated.
configure:12101: $? = 1
configure: failed program was:
| /* confdefs.h */
| #define PACKAGE_NAME "pkg-config"
| #define PACKAGE_TARNAME "pkg-config"
| #define PACKAGE_VERSION "0.28"
| #define PACKAGE_STRING "pkg-config 0.28"
| #define PACKAGE_BUGREPORT "https://bugs.freedesktop.org/enter_bug.cgi?product=pkg-config"
| #define PACKAGE_URL ""
| #define PACKAGE "pkg-config"
| #define VERSION "0.28"
| #define STDC_HEADERS 1
| #define HAVE_SYS_TYPES_H 1
| #define HAVE_SYS_STAT_H 1
| #define HAVE_STDLIB_H 1
| #define HAVE_STRING_H 1
| #define HAVE_MEMORY_H 1
| #define HAVE_STRINGS_H 1
| #define HAVE_INTTYPES_H 1
| #define HAVE_STDINT_H 1
| #define HAVE_UNISTD_H 1
| #define HAVE_DLFCN_H 1
| #define LT_OBJDIR ".libs/"
| #define HAVE_DIRENT_H 1
| #define HAVE_UNISTD_H 1
| #define HAVE_SYS_WAIT_H 1
| /* end confdefs.h.  */
| #include <stdio.h>
| #ifdef HAVE_SYS_TYPES_H
| # include <sys/types.h>
| #endif
| #ifdef HAVE_SYS_STAT_H
| # include <sys/stat.h>
| #endif
| #ifdef STDC_HEADERS
| # include <stdlib.h>
| # include <stddef.h>
| #else
| # ifdef HAVE_STDLIB_H
| #  include <stdlib.h>
| # endif
| #endif
| #ifdef HAVE_STRING_H
| # if !defined STDC_HEADERS && defined HAVE_MEMORY_H
| #  include <memory.h>
| # endif
| # include <string.h>
| #endif
| #ifdef HAVE_STRINGS_H
| # include <strings.h>
| #endif
| #ifdef HAVE_INTTYPES_H
| # include <inttypes.h>
| #endif
| #ifdef HAVE_STDINT_H
| # include <stdint.h>
| #endif
| #ifdef HAVE_UNISTD_H
| # include <unistd.h>
| #endif
| #include <malloc.h>
configure:12101: result: no
configure:12101: checking malloc.h presence
configure:12101: gcc -E  conftest.c
conftest.c:26:10: fatal error: 'malloc.h' file not found
#include <malloc.h>
         ^
1 error generated.
configure:12101: $? = 1
configure: failed program was:
| /* confdefs.h */
| #define PACKAGE_NAME "pkg-config"
| #define PACKAGE_TARNAME "pkg-config"
| #define PACKAGE_VERSION "0.28"
| #define PACKAGE_STRING "pkg-config 0.28"
| #define PACKAGE_BUGREPORT "https://bugs.freedesktop.org/enter_bug.cgi?product=pkg-config"
| #define PACKAGE_URL ""
| #define PACKAGE "pkg-config"
| #define VERSION "0.28"
| #define STDC_HEADERS 1
| #define HAVE_SYS_TYPES_H 1
| #define HAVE_SYS_STAT_H 1
| #define HAVE_STDLIB_H 1
| #define HAVE_STRING_H 1
| #define HAVE_MEMORY_H 1
| #define HAVE_STRINGS_H 1
| #define HAVE_INTTYPES_H 1
| #define HAVE_STDINT_H 1
| #define HAVE_UNISTD_H 1
| #define HAVE_DLFCN_H 1
| #define LT_OBJDIR ".libs/"
| #define HAVE_DIRENT_H 1
| #define HAVE_UNISTD_H 1
| #define HAVE_SYS_WAIT_H 1
| /* end confdefs.h.  */
| #include <malloc.h>
configure:12101: result: no
configure:12101: checking for malloc.h
configure:12101: result: no
configure:12118: checking for bash
configure:12136: found /bin/bash
configure:12148: result: /bin/bash
configure:12161: checking for default search path for .pc files
configure:12179: result: ${libdir}/pkgconfig:${datadir}/pkgconfig
configure:12183: checking for system include path to avoid -I flags
configure:12193: result: /usr/include
configure:12197: checking for system library path to avoid -L flags
configure:12217: result: /usr/lib:/lib
configure:12222: creating ./config.lt

## ------------------ ##
## Running config.lt. ##
## ------------------ ##
config.lt:622: creating libtool
use_indirect_deps=auto
configure:13598: checking whether to list both direct and indirect dependencies
configure:13616: result: no
configure:13631: checking for Win32
configure:13641: result: no
configure:13755: checking if internal glib should be used
configure:13768: result: no
configure:13824: checking for pkg-config
configure:13857: result: no
configure:13892: checking for GLIB
configure:13951: result: no
configure:13953: error: Either a previously installed pkg-config or "glib-2.0 >= 2.16" could not be found. Please set GLIB_CFLAGS and GLIB_LIBS to the correct values or pass --with-internal-glib to configure to use the bundled copy.

## ---------------- ##
## Cache variables. ##
## ---------------- ##

ac_cv_build=x86_64-apple-darwin14.1.0
ac_cv_c_compiler_gnu=yes
ac_cv_env_CC_set=
ac_cv_env_CC_value=
ac_cv_env_CFLAGS_set=
ac_cv_env_CFLAGS_value=
ac_cv_env_CPPFLAGS_set=
ac_cv_env_CPPFLAGS_value=
ac_cv_env_CPP_set=
ac_cv_env_CPP_value=
ac_cv_env_GLIB_CFLAGS_set=
ac_cv_env_GLIB_CFLAGS_value=
ac_cv_env_GLIB_LIBS_set=
ac_cv_env_GLIB_LIBS_value=
ac_cv_env_LDFLAGS_set=
ac_cv_env_LDFLAGS_value=
ac_cv_env_LIBS_set=
ac_cv_env_LIBS_value=
ac_cv_env_PKG_CONFIG_LIBDIR_set=
ac_cv_env_PKG_CONFIG_LIBDIR_value=
ac_cv_env_PKG_CONFIG_PATH_set=
ac_cv_env_PKG_CONFIG_PATH_value=
ac_cv_env_PKG_CONFIG_set=
ac_cv_env_PKG_CONFIG_value=
ac_cv_env_TESTS_SHELL_set=
ac_cv_env_TESTS_SHELL_value=
ac_cv_env_build_alias_set=
ac_cv_env_build_alias_value=
ac_cv_env_host_alias_set=
ac_cv_env_host_alias_value=
ac_cv_env_target_alias_set=
ac_cv_env_target_alias_value=
ac_cv_header_dirent_h=yes
ac_cv_header_dlfcn_h=yes
ac_cv_header_inttypes_h=yes
ac_cv_header_malloc_h=no
ac_cv_header_memory_h=yes
ac_cv_header_stdc=yes
ac_cv_header_stdint_h=yes
ac_cv_header_stdlib_h=yes
ac_cv_header_string_h=yes
ac_cv_header_strings_h=yes
ac_cv_header_sys_stat_h=yes
ac_cv_header_sys_types_h=yes
ac_cv_header_sys_wait_h=yes
ac_cv_header_unistd_h=yes
ac_cv_host=x86_64-apple-darwin14.1.0
ac_cv_objext=o
ac_cv_path_EGREP='/usr/bin/grep -E'
ac_cv_path_FGREP='/usr/bin/grep -F'
ac_cv_path_GREP=/usr/bin/grep
ac_cv_path_SED=/usr/bin/sed
ac_cv_path_TESTS_SHELL=/bin/bash
ac_cv_path_install='/usr/bin/install -c'
ac_cv_prog_AWK=awk
ac_cv_prog_CPP='gcc -E'
ac_cv_prog_LN=ln
ac_cv_prog_ac_ct_AR=ar
ac_cv_prog_ac_ct_CC=gcc
ac_cv_prog_ac_ct_DSYMUTIL=dsymutil
ac_cv_prog_ac_ct_LIPO=lipo
ac_cv_prog_ac_ct_NMEDIT=nmedit
ac_cv_prog_ac_ct_OTOOL=otool
ac_cv_prog_ac_ct_RANLIB=ranlib
ac_cv_prog_ac_ct_STRIP=strip
ac_cv_prog_cc_c89=
ac_cv_prog_cc_g=yes
ac_cv_prog_make_make_set=yes
am_cv_CC_dependencies_compiler_type=none
am_cv_make_support_nested_variables=yes
lt_cv_apple_cc_single_mod=yes
lt_cv_ar_at_file=no
lt_cv_deplibs_check_method=pass_all
lt_cv_file_magic_cmd='$MAGIC_CMD'
lt_cv_file_magic_test_file=
lt_cv_ld_exported_symbols_list=yes
lt_cv_ld_force_load=yes
lt_cv_ld_reload_flag=-r
lt_cv_nm_interface='BSD nm'
lt_cv_objdir=.libs
lt_cv_path_LD=/Applications/Xcode.app/Contents/Developer/Toolchains/XcodeDefault.xctoolchain/usr/bin/ld
lt_cv_path_NM=/usr/bin/nm
lt_cv_path_mainfest_tool=no
lt_cv_prog_compiler_c_o=yes
lt_cv_prog_compiler_pic='-fno-common -DPIC'
lt_cv_prog_compiler_pic_works=yes
lt_cv_prog_compiler_rtti_exceptions=yes
lt_cv_prog_compiler_static_works=no
lt_cv_prog_gnu_ld=no
lt_cv_sharedlib_from_linklib_cmd='printf %s\n'
lt_cv_sys_global_symbol_pipe='sed -n -e '\''s/^.*[	 ]\([BCDEGRST][BCDEGRST]*\)[	 ][	 ]*_\([_A-Za-z][_A-Za-z0-9]*\)$/\1 _\2 \2/p'\'' | sed '\''/ __gnu_lto/d'\'''
lt_cv_sys_global_symbol_to_c_name_address='sed -n -e '\''s/^: \([^ ]*\)[ ]*$/  {\"\1\", (void *) 0},/p'\'' -e '\''s/^[BCDEGRST]* \([^ ]*\) \([^ ]*\)$/  {"\2", (void *) \&\2},/p'\'''
lt_cv_sys_global_symbol_to_c_name_address_lib_prefix='sed -n -e '\''s/^: \([^ ]*\)[ ]*$/  {\"\1\", (void *) 0},/p'\'' -e '\''s/^[BCDEGRST]* \([^ ]*\) \(lib[^ ]*\)$/  {"\2", (void *) \&\2},/p'\'' -e '\''s/^[BCDEGRST]* \([^ ]*\) \([^ ]*\)$/  {"lib\2", (void *) \&\2},/p'\'''
lt_cv_sys_global_symbol_to_cdecl='sed -n -e '\''s/^T .* \(.*\)$/extern int \1();/p'\'' -e '\''s/^[BCDEGRST]* .* \(.*\)$/extern char \1;/p'\'''
lt_cv_sys_max_cmd_len=196608
lt_cv_to_host_file_cmd=func_convert_file_noop
lt_cv_to_tool_file_cmd=func_convert_file_noop

## ----------------- ##
## Output variables. ##
## ----------------- ##

ACLOCAL='${SHELL} /Volumes/MugiRAID1/Works/2015/09_eye/0b/parser/pkg-config-0.28/missing --run aclocal-1.12'
AMDEPBACKSLASH=''
AMDEP_FALSE=''
AMDEP_TRUE='#'
AMTAR='$${TAR-tar}'
AM_BACKSLASH='\'
AM_DEFAULT_V='$(AM_DEFAULT_VERBOSITY)'
AM_DEFAULT_VERBOSITY='0'
AM_V='$(V)'
AR='ar'
AUTOCONF='${SHELL} /Volumes/MugiRAID1/Works/2015/09_eye/0b/parser/pkg-config-0.28/missing --run autoconf'
AUTOHEADER='${SHELL} /Volumes/MugiRAID1/Works/2015/09_eye/0b/parser/pkg-config-0.28/missing --run autoheader'
AUTOMAKE='${SHELL} /Volumes/MugiRAID1/Works/2015/09_eye/0b/parser/pkg-config-0.28/missing --run automake-1.12'
AWK='awk'
CC='gcc'
CCDEPMODE='depmode=none'
CFLAGS='-g -O2'
CPP='gcc -E'
CPPFLAGS=''
CYGPATH_W='echo'
DEFS=''
DEPDIR='.deps'
DLLTOOL='false'
DSYMUTIL='dsymutil'
DUMPBIN=''
ECHO_C='\c'
ECHO_N=''
ECHO_T=''
EGREP='/usr/bin/grep -E'
EXEEXT=''
FGREP='/usr/bin/grep -F'
GCOV=''
GCOV_CFLAGS=''
GLIB_CFLAGS=''
GLIB_LIBS=''
GREP='/usr/bin/grep'
HOST_TOOL_FALSE=''
HOST_TOOL_TRUE=''
INSTALL_DATA='${INSTALL} -m 644'
INSTALL_PROGRAM='${INSTALL}'
INSTALL_SCRIPT='${INSTALL}'
INSTALL_STRIP_PROGRAM='$(install_sh) -c -s'
INTERNAL_GLIB_FALSE=''
INTERNAL_GLIB_TRUE='#'
LD='/Applications/Xcode.app/Contents/Developer/Toolchains/XcodeDefault.xctoolchain/usr/bin/ld'
LDFLAGS=''
LIBOBJS=''
LIBS=''
LIBTOOL='$(SHELL) $(top_builddir)/libtool'
LIPO='lipo'
LN='ln'
LN_S='ln -s'
LTLIBOBJS=''
MAKEINFO='${SHELL} /Volumes/MugiRAID1/Works/2015/09_eye/0b/parser/pkg-config-0.28/missing --run makeinfo'
MANIFEST_TOOL=':'
MKDIR_P='./install-sh -c -d'
NATIVE_WIN32_FALSE=''
NATIVE_WIN32_TRUE='#'
NM='/usr/bin/nm'
NMEDIT='nmedit'
OBJDUMP='false'
OBJEXT='o'
OTOOL64=':'
OTOOL='otool'
PACKAGE='pkg-config'
PACKAGE_BUGREPORT='https://bugs.freedesktop.org/enter_bug.cgi?product=pkg-config'
PACKAGE_NAME='pkg-config'
PACKAGE_STRING='pkg-config 0.28'
PACKAGE_TARNAME='pkg-config'
PACKAGE_URL=''
PACKAGE_VERSION='0.28'
PATH_SEPARATOR=':'
PKG_CONFIG=''
PKG_CONFIG_LIBDIR=''
PKG_CONFIG_PATH=''
RANLIB='ranlib'
SED='/usr/bin/sed'
SET_MAKE=''
SHELL='/bin/sh'
STRIP='strip'
TESTS_SHELL='/bin/bash'
VERSION='0.28'
WARN_CFLAGS='-g -Wall -O2'
ac_ct_AR='ar'
ac_ct_CC='gcc'
ac_ct_DUMPBIN=''
am__EXEEXT_FALSE=''
am__EXEEXT_TRUE=''
am__fastdepCC_FALSE=''
am__fastdepCC_TRUE='#'
am__include='include'
am__isrc=''
am__leading_dot='.'
am__nodep=''
am__quote=''
am__tar='$${TAR-tar} chof - "$$tardir"'
am__untar='$${TAR-tar} xf -'
bindir='${exec_prefix}/bin'
build='x86_64-apple-darwin14.1.0'
build_alias=''
build_cpu='x86_64'
build_os='darwin14.1.0'
build_vendor='apple'
datadir='${datarootdir}'
datarootdir='${prefix}/share'
docdir='${datarootdir}/doc/${PACKAGE_TARNAME}'
dvidir='${docdir}'
exec_prefix='NONE'
host='x86_64-apple-darwin14.1.0'
host_alias=''
host_cpu='x86_64'
host_os='darwin14.1.0'
host_vendor='apple'
htmldir='${docdir}'
includedir='${prefix}/include'
infodir='${datarootdir}/info'
install_sh='${SHELL} /Volumes/MugiRAID1/Works/2015/09_eye/0b/parser/pkg-config-0.28/install-sh'
libdir='${exec_prefix}/lib'
libexecdir='${exec_prefix}/libexec'
localedir='${datarootdir}/locale'
localstatedir='${prefix}/var'
mandir='${datarootdir}/man'
mkdir_p='$(MKDIR_P)'
oldincludedir='/usr/include'
pc_path='${libdir}/pkgconfig:${datadir}/pkgconfig'
pdfdir='${docdir}'
prefix='/usr/local'
program_transform_name='s,x,x,'
psdir='${docdir}'
sbindir='${exec_prefix}/sbin'
sharedstatedir='${prefix}/com'
subdirs=''
sysconfdir='${prefix}/etc'
system_include_path='/usr/include'
system_library_path='/usr/lib:/lib'
target_alias=''
use_indirect_deps='no'

## ----------- ##
## confdefs.h. ##
## ----------- ##

/* confdefs.h */
#define PACKAGE_NAME "pkg-config"
#define PACKAGE_TARNAME "pkg-config"
#define PACKAGE_VERSION "0.28"
#define PACKAGE_STRING "pkg-config 0.28"
#define PACKAGE_BUGREPORT "https://bugs.freedesktop.org/enter_bug.cgi?product=pkg-config"
#define PACKAGE_URL ""
#define PACKAGE "pkg-config"
#define VERSION "0.28"
#define STDC_HEADERS 1
#define HAVE_SYS_TYPES_H 1
#define HAVE_SYS_STAT_H 1
#define HAVE_STDLIB_H 1
#define HAVE_STRING_H 1
#define HAVE_MEMORY_H 1
#define HAVE_STRINGS_H 1
#define HAVE_INTTYPES_H 1
#define HAVE_STDINT_H 1
#define HAVE_UNISTD_H 1
#define HAVE_DLFCN_H 1
#define LT_OBJDIR ".libs/"
#define HAVE_DIRENT_H 1
#define HAVE_UNISTD_H 1
#define HAVE_SYS_WAIT_H 1
#define ENABLE_INDIRECT_DEPS FALSE

configure: exit 1
